2023-01-18 12:14:04,223 [Worker-1: Loading available Gradle versions] INFO  o.e.b.c.i.u.g.PublishedGradleVersions - Gradle version information cache is up-to-date. Trying to read.
2023-01-18 12:15:53,611 [Worker-4: Launching mavenrun-bb7faf7f-12a6-481c-9b69-7b1a4c88d116] INFO  o.eclipse.m2e.core.internal.Bundles - getClasspathEntries(Bundle=org.eclipse.m2e.maven.runtime_3.8.604.20221130-2149 [603])
2023-01-18 12:15:53,621 [Worker-4: Launching mavenrun-bb7faf7f-12a6-481c-9b69-7b1a4c88d116] INFO  o.eclipse.m2e.core.internal.Bundles - 	Entry: C:\Users\Ferdi\.p2\pool\plugins\org.eclipse.m2e.maven.runtime_3.8.604.20221130-2149
2023-01-18 12:15:53,623 [Worker-4: Launching mavenrun-bb7faf7f-12a6-481c-9b69-7b1a4c88d116] INFO  o.eclipse.m2e.core.internal.Bundles - 	Entry: C:\Users\Ferdi\.p2\pool\plugins\org.eclipse.m2e.maven.runtime_3.8.604.20221130-2149\jars\aether-connector-okhttp-0.17.8.jar
2023-01-18 12:15:53,626 [Worker-4: Launching mavenrun-bb7faf7f-12a6-481c-9b69-7b1a4c88d116] INFO  o.eclipse.m2e.core.internal.Bundles - 	Entry: C:\Users\Ferdi\.p2\pool\plugins\org.eclipse.m2e.maven.runtime_3.8.604.20221130-2149\jars\commons-cli-1.4.jar
2023-01-18 12:15:53,627 [Worker-4: Launching mavenrun-bb7faf7f-12a6-481c-9b69-7b1a4c88d116] INFO  o.eclipse.m2e.core.internal.Bundles - 	Entry: C:\Users\Ferdi\.p2\pool\plugins\org.eclipse.m2e.maven.runtime_3.8.604.20221130-2149\jars\commons-io-2.6.jar
2023-01-18 12:15:53,628 [Worker-4: Launching mavenrun-bb7faf7f-12a6-481c-9b69-7b1a4c88d116] INFO  o.eclipse.m2e.core.internal.Bundles - 	Entry: C:\Users\Ferdi\.p2\pool\plugins\org.eclipse.m2e.maven.runtime_3.8.604.20221130-2149\jars\commons-lang3-3.8.1.jar
2023-01-18 12:15:53,629 [Worker-4: Launching mavenrun-bb7faf7f-12a6-481c-9b69-7b1a4c88d116] INFO  o.eclipse.m2e.core.internal.Bundles - 	Entry: C:\Users\Ferdi\.p2\pool\plugins\org.eclipse.m2e.maven.runtime_3.8.604.20221130-2149\jars\guice-4.2.2-no_aop.jar
2023-01-18 12:15:53,630 [Worker-4: Launching mavenrun-bb7faf7f-12a6-481c-9b69-7b1a4c88d116] INFO  o.eclipse.m2e.core.internal.Bundles - 	Entry: C:\Users\Ferdi\.p2\pool\plugins\org.eclipse.m2e.maven.runtime_3.8.604.20221130-2149\jars\jansi-2.4.0.jar
2023-01-18 12:15:53,631 [Worker-4: Launching mavenrun-bb7faf7f-12a6-481c-9b69-7b1a4c88d116] INFO  o.eclipse.m2e.core.internal.Bundles - 	Entry: C:\Users\Ferdi\.p2\pool\plugins\org.eclipse.m2e.maven.runtime_3.8.604.20221130-2149\jars\maven-artifact-3.8.6.jar
2023-01-18 12:15:53,632 [Worker-4: Launching mavenrun-bb7faf7f-12a6-481c-9b69-7b1a4c88d116] INFO  o.eclipse.m2e.core.internal.Bundles - 	Entry: C:\Users\Ferdi\.p2\pool\plugins\org.eclipse.m2e.maven.runtime_3.8.604.20221130-2149\jars\maven-builder-support-3.8.6.jar
2023-01-18 12:15:53,633 [Worker-4: Launching mavenrun-bb7faf7f-12a6-481c-9b69-7b1a4c88d116] INFO  o.eclipse.m2e.core.internal.Bundles - 	Entry: C:\Users\Ferdi\.p2\pool\plugins\org.eclipse.m2e.maven.runtime_3.8.604.20221130-2149\jars\maven-compat-3.8.6.jar
2023-01-18 12:15:53,634 [Worker-4: Launching mavenrun-bb7faf7f-12a6-481c-9b69-7b1a4c88d116] INFO  o.eclipse.m2e.core.internal.Bundles - 	Entry: C:\Users\Ferdi\.p2\pool\plugins\org.eclipse.m2e.maven.runtime_3.8.604.20221130-2149\jars\maven-core-3.8.6.jar
2023-01-18 12:15:53,635 [Worker-4: Launching mavenrun-bb7faf7f-12a6-481c-9b69-7b1a4c88d116] INFO  o.eclipse.m2e.core.internal.Bundles - 	Entry: C:\Users\Ferdi\.p2\pool\plugins\org.eclipse.m2e.maven.runtime_3.8.604.20221130-2149\jars\maven-embedder-3.8.6.jar
2023-01-18 12:15:53,636 [Worker-4: Launching mavenrun-bb7faf7f-12a6-481c-9b69-7b1a4c88d116] INFO  o.eclipse.m2e.core.internal.Bundles - 	Entry: C:\Users\Ferdi\.p2\pool\plugins\org.eclipse.m2e.maven.runtime_3.8.604.20221130-2149\jars\maven-model-3.8.6.jar
2023-01-18 12:15:53,636 [Worker-4: Launching mavenrun-bb7faf7f-12a6-481c-9b69-7b1a4c88d116] INFO  o.eclipse.m2e.core.internal.Bundles - 	Entry: C:\Users\Ferdi\.p2\pool\plugins\org.eclipse.m2e.maven.runtime_3.8.604.20221130-2149\jars\maven-model-builder-3.8.6.jar
2023-01-18 12:15:53,637 [Worker-4: Launching mavenrun-bb7faf7f-12a6-481c-9b69-7b1a4c88d116] INFO  o.eclipse.m2e.core.internal.Bundles - 	Entry: C:\Users\Ferdi\.p2\pool\plugins\org.eclipse.m2e.maven.runtime_3.8.604.20221130-2149\jars\maven-plugin-api-3.8.6.jar
2023-01-18 12:15:53,639 [Worker-4: Launching mavenrun-bb7faf7f-12a6-481c-9b69-7b1a4c88d116] INFO  o.eclipse.m2e.core.internal.Bundles - 	Entry: C:\Users\Ferdi\.p2\pool\plugins\org.eclipse.m2e.maven.runtime_3.8.604.20221130-2149\jars\maven-repository-metadata-3.8.6.jar
2023-01-18 12:15:53,640 [Worker-4: Launching mavenrun-bb7faf7f-12a6-481c-9b69-7b1a4c88d116] INFO  o.eclipse.m2e.core.internal.Bundles - 	Entry: C:\Users\Ferdi\.p2\pool\plugins\org.eclipse.m2e.maven.runtime_3.8.604.20221130-2149\jars\maven-resolver-api-1.6.3.jar
2023-01-18 12:15:53,641 [Worker-4: Launching mavenrun-bb7faf7f-12a6-481c-9b69-7b1a4c88d116] INFO  o.eclipse.m2e.core.internal.Bundles - 	Entry: C:\Users\Ferdi\.p2\pool\plugins\org.eclipse.m2e.maven.runtime_3.8.604.20221130-2149\jars\maven-resolver-connector-basic-1.6.3.jar
2023-01-18 12:15:53,642 [Worker-4: Launching mavenrun-bb7faf7f-12a6-481c-9b69-7b1a4c88d116] INFO  o.eclipse.m2e.core.internal.Bundles - 	Entry: C:\Users\Ferdi\.p2\pool\plugins\org.eclipse.m2e.maven.runtime_3.8.604.20221130-2149\jars\maven-resolver-impl-1.6.3.jar
2023-01-18 12:15:53,644 [Worker-4: Launching mavenrun-bb7faf7f-12a6-481c-9b69-7b1a4c88d116] INFO  o.eclipse.m2e.core.internal.Bundles - 	Entry: C:\Users\Ferdi\.p2\pool\plugins\org.eclipse.m2e.maven.runtime_3.8.604.20221130-2149\jars\maven-resolver-provider-3.8.6.jar
2023-01-18 12:15:53,645 [Worker-4: Launching mavenrun-bb7faf7f-12a6-481c-9b69-7b1a4c88d116] INFO  o.eclipse.m2e.core.internal.Bundles - 	Entry: C:\Users\Ferdi\.p2\pool\plugins\org.eclipse.m2e.maven.runtime_3.8.604.20221130-2149\jars\maven-resolver-spi-1.6.3.jar
2023-01-18 12:15:53,646 [Worker-4: Launching mavenrun-bb7faf7f-12a6-481c-9b69-7b1a4c88d116] INFO  o.eclipse.m2e.core.internal.Bundles - 	Entry: C:\Users\Ferdi\.p2\pool\plugins\org.eclipse.m2e.maven.runtime_3.8.604.20221130-2149\jars\maven-resolver-transport-wagon-1.6.3.jar
2023-01-18 12:15:53,647 [Worker-4: Launching mavenrun-bb7faf7f-12a6-481c-9b69-7b1a4c88d116] INFO  o.eclipse.m2e.core.internal.Bundles - 	Entry: C:\Users\Ferdi\.p2\pool\plugins\org.eclipse.m2e.maven.runtime_3.8.604.20221130-2149\jars\maven-resolver-util-1.6.3.jar
2023-01-18 12:15:53,648 [Worker-4: Launching mavenrun-bb7faf7f-12a6-481c-9b69-7b1a4c88d116] INFO  o.eclipse.m2e.core.internal.Bundles - 	Entry: C:\Users\Ferdi\.p2\pool\plugins\org.eclipse.m2e.maven.runtime_3.8.604.20221130-2149\jars\maven-settings-3.8.6.jar
2023-01-18 12:15:53,649 [Worker-4: Launching mavenrun-bb7faf7f-12a6-481c-9b69-7b1a4c88d116] INFO  o.eclipse.m2e.core.internal.Bundles - 	Entry: C:\Users\Ferdi\.p2\pool\plugins\org.eclipse.m2e.maven.runtime_3.8.604.20221130-2149\jars\maven-settings-builder-3.8.6.jar
2023-01-18 12:15:53,650 [Worker-4: Launching mavenrun-bb7faf7f-12a6-481c-9b69-7b1a4c88d116] INFO  o.eclipse.m2e.core.internal.Bundles - 	Entry: C:\Users\Ferdi\.p2\pool\plugins\org.eclipse.m2e.maven.runtime_3.8.604.20221130-2149\jars\maven-shared-utils-3.3.4.jar
2023-01-18 12:15:53,651 [Worker-4: Launching mavenrun-bb7faf7f-12a6-481c-9b69-7b1a4c88d116] INFO  o.eclipse.m2e.core.internal.Bundles - 	Entry: C:\Users\Ferdi\.p2\pool\plugins\org.eclipse.m2e.maven.runtime_3.8.604.20221130-2149\jars\okhttp-3.14.1.jar
2023-01-18 12:15:53,652 [Worker-4: Launching mavenrun-bb7faf7f-12a6-481c-9b69-7b1a4c88d116] INFO  o.eclipse.m2e.core.internal.Bundles - 	Entry: C:\Users\Ferdi\.p2\pool\plugins\org.eclipse.m2e.maven.runtime_3.8.604.20221130-2149\jars\okio-1.17.3.jar
2023-01-18 12:15:53,653 [Worker-4: Launching mavenrun-bb7faf7f-12a6-481c-9b69-7b1a4c88d116] INFO  o.eclipse.m2e.core.internal.Bundles - 	Entry: C:\Users\Ferdi\.p2\pool\plugins\org.eclipse.m2e.maven.runtime_3.8.604.20221130-2149\jars\org.eclipse.sisu.inject-0.3.5.jar
2023-01-18 12:15:53,654 [Worker-4: Launching mavenrun-bb7faf7f-12a6-481c-9b69-7b1a4c88d116] INFO  o.eclipse.m2e.core.internal.Bundles - 	Entry: C:\Users\Ferdi\.p2\pool\plugins\org.eclipse.m2e.maven.runtime_3.8.604.20221130-2149\jars\org.eclipse.sisu.plexus-0.3.5.jar
2023-01-18 12:15:53,656 [Worker-4: Launching mavenrun-bb7faf7f-12a6-481c-9b69-7b1a4c88d116] INFO  o.eclipse.m2e.core.internal.Bundles - 	Entry: C:\Users\Ferdi\.p2\pool\plugins\org.eclipse.m2e.maven.runtime_3.8.604.20221130-2149\jars\plexus-build-api-0.0.7.jar
2023-01-18 12:15:53,656 [Worker-4: Launching mavenrun-bb7faf7f-12a6-481c-9b69-7b1a4c88d116] INFO  o.eclipse.m2e.core.internal.Bundles - 	Entry: C:\Users\Ferdi\.p2\pool\plugins\org.eclipse.m2e.maven.runtime_3.8.604.20221130-2149\jars\plexus-cipher-2.0.jar
2023-01-18 12:15:53,657 [Worker-4: Launching mavenrun-bb7faf7f-12a6-481c-9b69-7b1a4c88d116] INFO  o.eclipse.m2e.core.internal.Bundles - 	Entry: C:\Users\Ferdi\.p2\pool\plugins\org.eclipse.m2e.maven.runtime_3.8.604.20221130-2149\jars\plexus-classworlds-2.6.0.jar
2023-01-18 12:15:53,658 [Worker-4: Launching mavenrun-bb7faf7f-12a6-481c-9b69-7b1a4c88d116] INFO  o.eclipse.m2e.core.internal.Bundles - 	Entry: C:\Users\Ferdi\.p2\pool\plugins\org.eclipse.m2e.maven.runtime_3.8.604.20221130-2149\jars\plexus-component-annotations-2.1.0.jar
2023-01-18 12:15:53,659 [Worker-4: Launching mavenrun-bb7faf7f-12a6-481c-9b69-7b1a4c88d116] INFO  o.eclipse.m2e.core.internal.Bundles - 	Entry: C:\Users\Ferdi\.p2\pool\plugins\org.eclipse.m2e.maven.runtime_3.8.604.20221130-2149\jars\plexus-interpolation-1.26.jar
2023-01-18 12:15:53,660 [Worker-4: Launching mavenrun-bb7faf7f-12a6-481c-9b69-7b1a4c88d116] INFO  o.eclipse.m2e.core.internal.Bundles - 	Entry: C:\Users\Ferdi\.p2\pool\plugins\org.eclipse.m2e.maven.runtime_3.8.604.20221130-2149\jars\plexus-sec-dispatcher-2.0.jar
2023-01-18 12:15:53,661 [Worker-4: Launching mavenrun-bb7faf7f-12a6-481c-9b69-7b1a4c88d116] INFO  o.eclipse.m2e.core.internal.Bundles - 	Entry: C:\Users\Ferdi\.p2\pool\plugins\org.eclipse.m2e.maven.runtime_3.8.604.20221130-2149\jars\plexus-utils-3.3.1.jar
2023-01-18 12:15:53,662 [Worker-4: Launching mavenrun-bb7faf7f-12a6-481c-9b69-7b1a4c88d116] INFO  o.eclipse.m2e.core.internal.Bundles - 	Entry: C:\Users\Ferdi\.p2\pool\plugins\org.eclipse.m2e.maven.runtime_3.8.604.20221130-2149\jars\wagon-file-3.5.1.jar
2023-01-18 12:15:53,663 [Worker-4: Launching mavenrun-bb7faf7f-12a6-481c-9b69-7b1a4c88d116] INFO  o.eclipse.m2e.core.internal.Bundles - 	Entry: C:\Users\Ferdi\.p2\pool\plugins\org.eclipse.m2e.maven.runtime_3.8.604.20221130-2149\jars\wagon-provider-api-3.5.1.jar
2023-01-18 12:15:53,669 [Worker-4: Launching mavenrun-bb7faf7f-12a6-481c-9b69-7b1a4c88d116] INFO  o.eclipse.m2e.core.internal.Bundles - getClasspathEntries(Bundle=com.google.guava_30.1.0.v20221112-0806 [10])
2023-01-18 12:15:53,671 [Worker-4: Launching mavenrun-bb7faf7f-12a6-481c-9b69-7b1a4c88d116] INFO  o.eclipse.m2e.core.internal.Bundles - 	Entry: C:\Users\Ferdi\.p2\pool\plugins\com.google.guava_30.1.0.v20221112-0806.jar
2023-01-18 12:15:53,672 [Worker-4: Launching mavenrun-bb7faf7f-12a6-481c-9b69-7b1a4c88d116] INFO  o.eclipse.m2e.core.internal.Bundles - getClasspathEntries(Bundle=slf4j.api_1.7.36 [915])
2023-01-18 12:15:53,675 [Worker-4: Launching mavenrun-bb7faf7f-12a6-481c-9b69-7b1a4c88d116] INFO  o.eclipse.m2e.core.internal.Bundles - 	Entry: C:\Users\Ferdi\.p2\pool\plugins\slf4j.api_1.7.36.jar
2023-01-18 12:15:53,675 [Worker-4: Launching mavenrun-bb7faf7f-12a6-481c-9b69-7b1a4c88d116] INFO  o.eclipse.m2e.core.internal.Bundles - getClasspathEntries(Bundle=javax.inject_1.0.0.v20220405-0441 [32])
2023-01-18 12:15:53,679 [Worker-4: Launching mavenrun-bb7faf7f-12a6-481c-9b69-7b1a4c88d116] INFO  o.eclipse.m2e.core.internal.Bundles - 	Entry: C:\Users\Ferdi\.p2\pool\plugins\javax.inject_1.0.0.v20220405-0441.jar
2023-01-18 12:15:53,679 [Worker-4: Launching mavenrun-bb7faf7f-12a6-481c-9b69-7b1a4c88d116] INFO  o.eclipse.m2e.core.internal.Bundles - getClasspathEntries(Bundle=javax.annotation_1.3.5.v20221112-0806 [30])
2023-01-18 12:15:53,681 [Worker-4: Launching mavenrun-bb7faf7f-12a6-481c-9b69-7b1a4c88d116] INFO  o.eclipse.m2e.core.internal.Bundles - 	Entry: C:\Users\Ferdi\.p2\pool\plugins\javax.annotation_1.3.5.v20221112-0806.jar
2023-01-18 12:15:53,704 [Worker-4: Launching mavenrun-bb7faf7f-12a6-481c-9b69-7b1a4c88d116] INFO  o.e.m.i.launch.MavenLaunchDelegate - Run build in "C:\Users\Ferdi\AppData\Local\Temp\m2e-archetypeGenerator4211514138554656182":
2023-01-18 12:15:53,717 [Worker-4: Launching mavenrun-bb7faf7f-12a6-481c-9b69-7b1a4c88d116] INFO  o.e.m.i.launch.MavenLaunchDelegate -  mvn  -DarchetypeGroupId=org.apache.maven.archetypes -DarchetypeArtifactId=maven-archetype-quickstart -DarchetypeVersion=1.4 -DgroupId=com.abc -DartifactId=intro -Dversion=0.0.1-SNAPSHOT -Dpackage=com.abc.intro -DoutputDirectory=C:\Users\Ferdi\eclipse-workspace\Maven -Dstyle.color=always -U archetype:generate
2023-01-18 12:32:53,088 [Worker-23: Launching mavenrun-f8110dcb-bb29-4759-b40d-b9a5e297c0d2] INFO  o.e.m.i.launch.MavenLaunchDelegate - Run build in "C:\Users\Ferdi\AppData\Local\Temp\m2e-archetypeGenerator7544634861520367272":
2023-01-18 12:32:53,120 [Worker-23: Launching mavenrun-f8110dcb-bb29-4759-b40d-b9a5e297c0d2] INFO  o.e.m.i.launch.MavenLaunchDelegate -  mvn  -DarchetypeGroupId=org.apache.maven.archetypes -DarchetypeArtifactId=maven-archetype-quickstart -DarchetypeVersion=1.4 -DgroupId=com.abc -DartifactId=intro -Dversion=0.0.1-SNAPSHOT -Dpackage=com.abc.intro -DoutputDirectory=C:\Users\Ferdi\eclipse-workspace\Maven -Dstyle.color=always -U archetype:generate
2023-01-18 12:37:16,699 [Worker-28: Launching mavenrun-bb42c2b0-6bb9-44a0-92f6-7c80e25fb754] INFO  o.e.m.i.launch.MavenLaunchDelegate - Run build in "C:\Users\Ferdi\AppData\Local\Temp\m2e-archetypeGenerator630963215252100487":
2023-01-18 12:37:16,702 [Worker-28: Launching mavenrun-bb42c2b0-6bb9-44a0-92f6-7c80e25fb754] INFO  o.e.m.i.launch.MavenLaunchDelegate -  mvn  -DarchetypeGroupId=org.apache.maven.archetypes -DarchetypeArtifactId=maven-archetype-quickstart -DarchetypeVersion=1.4 -DgroupId=com.abc -DartifactId=intro -Dversion=0.0.1-SNAPSHOT -Dpackage=com.abc.intro -DoutputDirectory=C:\Users\Ferdi\eclipse-workspace\Maven -Dstyle.color=always -U archetype:generate
2023-01-18 12:52:40,212 [Worker-1: Loading available Gradle versions] INFO  o.e.b.c.i.u.g.PublishedGradleVersions - Gradle version information cache is up-to-date. Trying to read.
2023-01-18 12:54:08,483 [Worker-18: Launching mavenrun-c1ad4843-aaaa-43d2-bc9d-d8b128de82e4] INFO  o.eclipse.m2e.core.internal.Bundles - getClasspathEntries(Bundle=org.eclipse.m2e.maven.runtime_3.8.604.20221130-2149 [603])
2023-01-18 12:54:08,495 [Worker-18: Launching mavenrun-c1ad4843-aaaa-43d2-bc9d-d8b128de82e4] INFO  o.eclipse.m2e.core.internal.Bundles - 	Entry: C:\Users\Ferdi\.p2\pool\plugins\org.eclipse.m2e.maven.runtime_3.8.604.20221130-2149
2023-01-18 12:54:08,497 [Worker-18: Launching mavenrun-c1ad4843-aaaa-43d2-bc9d-d8b128de82e4] INFO  o.eclipse.m2e.core.internal.Bundles - 	Entry: C:\Users\Ferdi\.p2\pool\plugins\org.eclipse.m2e.maven.runtime_3.8.604.20221130-2149\jars\aether-connector-okhttp-0.17.8.jar
2023-01-18 12:54:08,498 [Worker-18: Launching mavenrun-c1ad4843-aaaa-43d2-bc9d-d8b128de82e4] INFO  o.eclipse.m2e.core.internal.Bundles - 	Entry: C:\Users\Ferdi\.p2\pool\plugins\org.eclipse.m2e.maven.runtime_3.8.604.20221130-2149\jars\commons-cli-1.4.jar
2023-01-18 12:54:08,499 [Worker-18: Launching mavenrun-c1ad4843-aaaa-43d2-bc9d-d8b128de82e4] INFO  o.eclipse.m2e.core.internal.Bundles - 	Entry: C:\Users\Ferdi\.p2\pool\plugins\org.eclipse.m2e.maven.runtime_3.8.604.20221130-2149\jars\commons-io-2.6.jar
2023-01-18 12:54:08,500 [Worker-18: Launching mavenrun-c1ad4843-aaaa-43d2-bc9d-d8b128de82e4] INFO  o.eclipse.m2e.core.internal.Bundles - 	Entry: C:\Users\Ferdi\.p2\pool\plugins\org.eclipse.m2e.maven.runtime_3.8.604.20221130-2149\jars\commons-lang3-3.8.1.jar
2023-01-18 12:54:08,501 [Worker-18: Launching mavenrun-c1ad4843-aaaa-43d2-bc9d-d8b128de82e4] INFO  o.eclipse.m2e.core.internal.Bundles - 	Entry: C:\Users\Ferdi\.p2\pool\plugins\org.eclipse.m2e.maven.runtime_3.8.604.20221130-2149\jars\guice-4.2.2-no_aop.jar
2023-01-18 12:54:08,502 [Worker-18: Launching mavenrun-c1ad4843-aaaa-43d2-bc9d-d8b128de82e4] INFO  o.eclipse.m2e.core.internal.Bundles - 	Entry: C:\Users\Ferdi\.p2\pool\plugins\org.eclipse.m2e.maven.runtime_3.8.604.20221130-2149\jars\jansi-2.4.0.jar
2023-01-18 12:54:08,503 [Worker-18: Launching mavenrun-c1ad4843-aaaa-43d2-bc9d-d8b128de82e4] INFO  o.eclipse.m2e.core.internal.Bundles - 	Entry: C:\Users\Ferdi\.p2\pool\plugins\org.eclipse.m2e.maven.runtime_3.8.604.20221130-2149\jars\maven-artifact-3.8.6.jar
2023-01-18 12:54:08,504 [Worker-18: Launching mavenrun-c1ad4843-aaaa-43d2-bc9d-d8b128de82e4] INFO  o.eclipse.m2e.core.internal.Bundles - 	Entry: C:\Users\Ferdi\.p2\pool\plugins\org.eclipse.m2e.maven.runtime_3.8.604.20221130-2149\jars\maven-builder-support-3.8.6.jar
2023-01-18 12:54:08,505 [Worker-18: Launching mavenrun-c1ad4843-aaaa-43d2-bc9d-d8b128de82e4] INFO  o.eclipse.m2e.core.internal.Bundles - 	Entry: C:\Users\Ferdi\.p2\pool\plugins\org.eclipse.m2e.maven.runtime_3.8.604.20221130-2149\jars\maven-compat-3.8.6.jar
2023-01-18 12:54:08,506 [Worker-18: Launching mavenrun-c1ad4843-aaaa-43d2-bc9d-d8b128de82e4] INFO  o.eclipse.m2e.core.internal.Bundles - 	Entry: C:\Users\Ferdi\.p2\pool\plugins\org.eclipse.m2e.maven.runtime_3.8.604.20221130-2149\jars\maven-core-3.8.6.jar
2023-01-18 12:54:08,507 [Worker-18: Launching mavenrun-c1ad4843-aaaa-43d2-bc9d-d8b128de82e4] INFO  o.eclipse.m2e.core.internal.Bundles - 	Entry: C:\Users\Ferdi\.p2\pool\plugins\org.eclipse.m2e.maven.runtime_3.8.604.20221130-2149\jars\maven-embedder-3.8.6.jar
2023-01-18 12:54:08,508 [Worker-18: Launching mavenrun-c1ad4843-aaaa-43d2-bc9d-d8b128de82e4] INFO  o.eclipse.m2e.core.internal.Bundles - 	Entry: C:\Users\Ferdi\.p2\pool\plugins\org.eclipse.m2e.maven.runtime_3.8.604.20221130-2149\jars\maven-model-3.8.6.jar
2023-01-18 12:54:08,509 [Worker-18: Launching mavenrun-c1ad4843-aaaa-43d2-bc9d-d8b128de82e4] INFO  o.eclipse.m2e.core.internal.Bundles - 	Entry: C:\Users\Ferdi\.p2\pool\plugins\org.eclipse.m2e.maven.runtime_3.8.604.20221130-2149\jars\maven-model-builder-3.8.6.jar
2023-01-18 12:54:08,510 [Worker-18: Launching mavenrun-c1ad4843-aaaa-43d2-bc9d-d8b128de82e4] INFO  o.eclipse.m2e.core.internal.Bundles - 	Entry: C:\Users\Ferdi\.p2\pool\plugins\org.eclipse.m2e.maven.runtime_3.8.604.20221130-2149\jars\maven-plugin-api-3.8.6.jar
2023-01-18 12:54:08,511 [Worker-18: Launching mavenrun-c1ad4843-aaaa-43d2-bc9d-d8b128de82e4] INFO  o.eclipse.m2e.core.internal.Bundles - 	Entry: C:\Users\Ferdi\.p2\pool\plugins\org.eclipse.m2e.maven.runtime_3.8.604.20221130-2149\jars\maven-repository-metadata-3.8.6.jar
2023-01-18 12:54:08,513 [Worker-18: Launching mavenrun-c1ad4843-aaaa-43d2-bc9d-d8b128de82e4] INFO  o.eclipse.m2e.core.internal.Bundles - 	Entry: C:\Users\Ferdi\.p2\pool\plugins\org.eclipse.m2e.maven.runtime_3.8.604.20221130-2149\jars\maven-resolver-api-1.6.3.jar
2023-01-18 12:54:08,514 [Worker-18: Launching mavenrun-c1ad4843-aaaa-43d2-bc9d-d8b128de82e4] INFO  o.eclipse.m2e.core.internal.Bundles - 	Entry: C:\Users\Ferdi\.p2\pool\plugins\org.eclipse.m2e.maven.runtime_3.8.604.20221130-2149\jars\maven-resolver-connector-basic-1.6.3.jar
2023-01-18 12:54:08,515 [Worker-18: Launching mavenrun-c1ad4843-aaaa-43d2-bc9d-d8b128de82e4] INFO  o.eclipse.m2e.core.internal.Bundles - 	Entry: C:\Users\Ferdi\.p2\pool\plugins\org.eclipse.m2e.maven.runtime_3.8.604.20221130-2149\jars\maven-resolver-impl-1.6.3.jar
2023-01-18 12:54:08,516 [Worker-18: Launching mavenrun-c1ad4843-aaaa-43d2-bc9d-d8b128de82e4] INFO  o.eclipse.m2e.core.internal.Bundles - 	Entry: C:\Users\Ferdi\.p2\pool\plugins\org.eclipse.m2e.maven.runtime_3.8.604.20221130-2149\jars\maven-resolver-provider-3.8.6.jar
2023-01-18 12:54:08,517 [Worker-18: Launching mavenrun-c1ad4843-aaaa-43d2-bc9d-d8b128de82e4] INFO  o.eclipse.m2e.core.internal.Bundles - 	Entry: C:\Users\Ferdi\.p2\pool\plugins\org.eclipse.m2e.maven.runtime_3.8.604.20221130-2149\jars\maven-resolver-spi-1.6.3.jar
2023-01-18 12:54:08,518 [Worker-18: Launching mavenrun-c1ad4843-aaaa-43d2-bc9d-d8b128de82e4] INFO  o.eclipse.m2e.core.internal.Bundles - 	Entry: C:\Users\Ferdi\.p2\pool\plugins\org.eclipse.m2e.maven.runtime_3.8.604.20221130-2149\jars\maven-resolver-transport-wagon-1.6.3.jar
2023-01-18 12:54:08,519 [Worker-18: Launching mavenrun-c1ad4843-aaaa-43d2-bc9d-d8b128de82e4] INFO  o.eclipse.m2e.core.internal.Bundles - 	Entry: C:\Users\Ferdi\.p2\pool\plugins\org.eclipse.m2e.maven.runtime_3.8.604.20221130-2149\jars\maven-resolver-util-1.6.3.jar
2023-01-18 12:54:08,520 [Worker-18: Launching mavenrun-c1ad4843-aaaa-43d2-bc9d-d8b128de82e4] INFO  o.eclipse.m2e.core.internal.Bundles - 	Entry: C:\Users\Ferdi\.p2\pool\plugins\org.eclipse.m2e.maven.runtime_3.8.604.20221130-2149\jars\maven-settings-3.8.6.jar
2023-01-18 12:54:08,521 [Worker-18: Launching mavenrun-c1ad4843-aaaa-43d2-bc9d-d8b128de82e4] INFO  o.eclipse.m2e.core.internal.Bundles - 	Entry: C:\Users\Ferdi\.p2\pool\plugins\org.eclipse.m2e.maven.runtime_3.8.604.20221130-2149\jars\maven-settings-builder-3.8.6.jar
2023-01-18 12:54:08,522 [Worker-18: Launching mavenrun-c1ad4843-aaaa-43d2-bc9d-d8b128de82e4] INFO  o.eclipse.m2e.core.internal.Bundles - 	Entry: C:\Users\Ferdi\.p2\pool\plugins\org.eclipse.m2e.maven.runtime_3.8.604.20221130-2149\jars\maven-shared-utils-3.3.4.jar
2023-01-18 12:54:08,523 [Worker-18: Launching mavenrun-c1ad4843-aaaa-43d2-bc9d-d8b128de82e4] INFO  o.eclipse.m2e.core.internal.Bundles - 	Entry: C:\Users\Ferdi\.p2\pool\plugins\org.eclipse.m2e.maven.runtime_3.8.604.20221130-2149\jars\okhttp-3.14.1.jar
2023-01-18 12:54:08,523 [Worker-18: Launching mavenrun-c1ad4843-aaaa-43d2-bc9d-d8b128de82e4] INFO  o.eclipse.m2e.core.internal.Bundles - 	Entry: C:\Users\Ferdi\.p2\pool\plugins\org.eclipse.m2e.maven.runtime_3.8.604.20221130-2149\jars\okio-1.17.3.jar
2023-01-18 12:54:08,524 [Worker-18: Launching mavenrun-c1ad4843-aaaa-43d2-bc9d-d8b128de82e4] INFO  o.eclipse.m2e.core.internal.Bundles - 	Entry: C:\Users\Ferdi\.p2\pool\plugins\org.eclipse.m2e.maven.runtime_3.8.604.20221130-2149\jars\org.eclipse.sisu.inject-0.3.5.jar
2023-01-18 12:54:08,525 [Worker-18: Launching mavenrun-c1ad4843-aaaa-43d2-bc9d-d8b128de82e4] INFO  o.eclipse.m2e.core.internal.Bundles - 	Entry: C:\Users\Ferdi\.p2\pool\plugins\org.eclipse.m2e.maven.runtime_3.8.604.20221130-2149\jars\org.eclipse.sisu.plexus-0.3.5.jar
2023-01-18 12:54:08,526 [Worker-18: Launching mavenrun-c1ad4843-aaaa-43d2-bc9d-d8b128de82e4] INFO  o.eclipse.m2e.core.internal.Bundles - 	Entry: C:\Users\Ferdi\.p2\pool\plugins\org.eclipse.m2e.maven.runtime_3.8.604.20221130-2149\jars\plexus-build-api-0.0.7.jar
2023-01-18 12:54:08,527 [Worker-18: Launching mavenrun-c1ad4843-aaaa-43d2-bc9d-d8b128de82e4] INFO  o.eclipse.m2e.core.internal.Bundles - 	Entry: C:\Users\Ferdi\.p2\pool\plugins\org.eclipse.m2e.maven.runtime_3.8.604.20221130-2149\jars\plexus-cipher-2.0.jar
2023-01-18 12:54:08,528 [Worker-18: Launching mavenrun-c1ad4843-aaaa-43d2-bc9d-d8b128de82e4] INFO  o.eclipse.m2e.core.internal.Bundles - 	Entry: C:\Users\Ferdi\.p2\pool\plugins\org.eclipse.m2e.maven.runtime_3.8.604.20221130-2149\jars\plexus-classworlds-2.6.0.jar
2023-01-18 12:54:08,529 [Worker-18: Launching mavenrun-c1ad4843-aaaa-43d2-bc9d-d8b128de82e4] INFO  o.eclipse.m2e.core.internal.Bundles - 	Entry: C:\Users\Ferdi\.p2\pool\plugins\org.eclipse.m2e.maven.runtime_3.8.604.20221130-2149\jars\plexus-component-annotations-2.1.0.jar
2023-01-18 12:54:08,530 [Worker-18: Launching mavenrun-c1ad4843-aaaa-43d2-bc9d-d8b128de82e4] INFO  o.eclipse.m2e.core.internal.Bundles - 	Entry: C:\Users\Ferdi\.p2\pool\plugins\org.eclipse.m2e.maven.runtime_3.8.604.20221130-2149\jars\plexus-interpolation-1.26.jar
2023-01-18 12:54:08,531 [Worker-18: Launching mavenrun-c1ad4843-aaaa-43d2-bc9d-d8b128de82e4] INFO  o.eclipse.m2e.core.internal.Bundles - 	Entry: C:\Users\Ferdi\.p2\pool\plugins\org.eclipse.m2e.maven.runtime_3.8.604.20221130-2149\jars\plexus-sec-dispatcher-2.0.jar
2023-01-18 12:54:08,532 [Worker-18: Launching mavenrun-c1ad4843-aaaa-43d2-bc9d-d8b128de82e4] INFO  o.eclipse.m2e.core.internal.Bundles - 	Entry: C:\Users\Ferdi\.p2\pool\plugins\org.eclipse.m2e.maven.runtime_3.8.604.20221130-2149\jars\plexus-utils-3.3.1.jar
2023-01-18 12:54:08,533 [Worker-18: Launching mavenrun-c1ad4843-aaaa-43d2-bc9d-d8b128de82e4] INFO  o.eclipse.m2e.core.internal.Bundles - 	Entry: C:\Users\Ferdi\.p2\pool\plugins\org.eclipse.m2e.maven.runtime_3.8.604.20221130-2149\jars\wagon-file-3.5.1.jar
2023-01-18 12:54:08,534 [Worker-18: Launching mavenrun-c1ad4843-aaaa-43d2-bc9d-d8b128de82e4] INFO  o.eclipse.m2e.core.internal.Bundles - 	Entry: C:\Users\Ferdi\.p2\pool\plugins\org.eclipse.m2e.maven.runtime_3.8.604.20221130-2149\jars\wagon-provider-api-3.5.1.jar
2023-01-18 12:54:08,539 [Worker-18: Launching mavenrun-c1ad4843-aaaa-43d2-bc9d-d8b128de82e4] INFO  o.eclipse.m2e.core.internal.Bundles - getClasspathEntries(Bundle=com.google.guava_30.1.0.v20221112-0806 [10])
2023-01-18 12:54:08,541 [Worker-18: Launching mavenrun-c1ad4843-aaaa-43d2-bc9d-d8b128de82e4] INFO  o.eclipse.m2e.core.internal.Bundles - 	Entry: C:\Users\Ferdi\.p2\pool\plugins\com.google.guava_30.1.0.v20221112-0806.jar
2023-01-18 12:54:08,542 [Worker-18: Launching mavenrun-c1ad4843-aaaa-43d2-bc9d-d8b128de82e4] INFO  o.eclipse.m2e.core.internal.Bundles - getClasspathEntries(Bundle=slf4j.api_1.7.36 [915])
2023-01-18 12:54:08,545 [Worker-18: Launching mavenrun-c1ad4843-aaaa-43d2-bc9d-d8b128de82e4] INFO  o.eclipse.m2e.core.internal.Bundles - 	Entry: C:\Users\Ferdi\.p2\pool\plugins\slf4j.api_1.7.36.jar
2023-01-18 12:54:08,545 [Worker-18: Launching mavenrun-c1ad4843-aaaa-43d2-bc9d-d8b128de82e4] INFO  o.eclipse.m2e.core.internal.Bundles - getClasspathEntries(Bundle=javax.inject_1.0.0.v20220405-0441 [32])
2023-01-18 12:54:08,548 [Worker-18: Launching mavenrun-c1ad4843-aaaa-43d2-bc9d-d8b128de82e4] INFO  o.eclipse.m2e.core.internal.Bundles - 	Entry: C:\Users\Ferdi\.p2\pool\plugins\javax.inject_1.0.0.v20220405-0441.jar
2023-01-18 12:54:08,548 [Worker-18: Launching mavenrun-c1ad4843-aaaa-43d2-bc9d-d8b128de82e4] INFO  o.eclipse.m2e.core.internal.Bundles - getClasspathEntries(Bundle=javax.annotation_1.3.5.v20221112-0806 [30])
2023-01-18 12:54:08,551 [Worker-18: Launching mavenrun-c1ad4843-aaaa-43d2-bc9d-d8b128de82e4] INFO  o.eclipse.m2e.core.internal.Bundles - 	Entry: C:\Users\Ferdi\.p2\pool\plugins\javax.annotation_1.3.5.v20221112-0806.jar
2023-01-18 12:54:08,562 [Worker-18: Launching mavenrun-c1ad4843-aaaa-43d2-bc9d-d8b128de82e4] INFO  o.e.m.i.launch.MavenLaunchDelegate - Run build in "C:\Users\Ferdi\AppData\Local\Temp\m2e-archetypeGenerator8177244274506958471":
2023-01-18 12:54:08,572 [Worker-18: Launching mavenrun-c1ad4843-aaaa-43d2-bc9d-d8b128de82e4] INFO  o.e.m.i.launch.MavenLaunchDelegate -  mvn  -DarchetypeGroupId=org.apache.maven.archetypes -DarchetypeArtifactId=maven-archetype-quickstart -DarchetypeVersion=1.4 -DgroupId=com.abc -DartifactId=intro -Dversion=0.0.1-SNAPSHOT -Dpackage=com.abc.intro -DoutputDirectory=C:\Users\Ferdi\eclipse-workspace\Maven -Dstyle.color=always -U archetype:generate
2023-01-18 13:00:00,453 [Worker-24: Launching mavenrun-23410341-07ca-49fc-8e8a-7c34b1c01acd] INFO  o.e.m.i.launch.MavenLaunchDelegate - Run build in "C:\Users\Ferdi\AppData\Local\Temp\m2e-archetypeGenerator3651463953937955273":
2023-01-18 13:00:00,454 [Worker-24: Launching mavenrun-23410341-07ca-49fc-8e8a-7c34b1c01acd] INFO  o.e.m.i.launch.MavenLaunchDelegate -  mvn  -DarchetypeGroupId=org.apache.maven.archetypes -DarchetypeArtifactId=maven-archetype-quickstart -DarchetypeVersion=1.4 -DgroupId=com.abc -DartifactId=intro -Dversion=0.0.1-SNAPSHOT -Dpackage=com.abc.intro -DoutputDirectory=C:\Users\Ferdi\eclipse-workspace\Maven -Dstyle.color=always -U archetype:generate
2023-01-18 13:03:13,348 [Worker-27: Launching mavenrun-1c7380d6-a1c1-48e3-9b75-efc7d13ec22e] INFO  o.e.m.i.launch.MavenLaunchDelegate - Run build in "C:\Users\Ferdi\AppData\Local\Temp\m2e-archetypeGenerator1292004930466656767":
2023-01-18 13:03:13,377 [Worker-27: Launching mavenrun-1c7380d6-a1c1-48e3-9b75-efc7d13ec22e] INFO  o.e.m.i.launch.MavenLaunchDelegate -  mvn  -DarchetypeGroupId=org.apache.maven.archetypes -DarchetypeArtifactId=maven-archetype-quickstart -DarchetypeVersion=1.4 -DgroupId=com.abc -DartifactId=intro -Dversion=0.0.1-SNAPSHOT -Dpackage=com.abc.intro -DoutputDirectory=C:\Users\Ferdi\eclipse-workspace\Maven -Dstyle.color=always -U archetype:generate
2023-01-18 13:03:34,206 [Worker-24: Creating maven-archetype-quickstart] INFO  o.e.m.c.i.p.ProjectConfigurationManager - Collecting project info '/pom.xml' C:\Users\Ferdi\eclipse-workspace\Maven\intro\pom.xml
2023-01-18 13:03:35,543 [Worker-24: Creating maven-archetype-quickstart] INFO  o.e.m.c.i.e.AbstractTransferListenerAdapter - Downloading https://repo.maven.apache.org/maven2/org/apache/maven/plugins/maven-clean-plugin/3.1.0/maven-clean-plugin-3.1.0.jar
2023-01-18 13:03:35,958 [Worker-24: Creating maven-archetype-quickstart] INFO  o.e.m.c.i.e.AbstractTransferListenerAdapter - Downloaded https://repo.maven.apache.org/maven2/org/apache/maven/plugins/maven-clean-plugin/3.1.0/maven-clean-plugin-3.1.0.jar
2023-01-18 13:03:36,487 [Worker-24: Creating maven-archetype-quickstart] INFO  o.e.m.c.i.e.AbstractTransferListenerAdapter - Downloading https://repo.maven.apache.org/maven2/org/apache/maven/plugins/maven-resources-plugin/3.0.2/maven-resources-plugin-3.0.2.jar
2023-01-18 13:03:36,822 [Worker-24: Creating maven-archetype-quickstart] INFO  o.e.m.c.i.e.AbstractTransferListenerAdapter - Downloaded https://repo.maven.apache.org/maven2/org/apache/maven/plugins/maven-resources-plugin/3.0.2/maven-resources-plugin-3.0.2.jar
2023-01-18 13:03:37,127 [Worker-24: Creating maven-archetype-quickstart] INFO  o.e.m.c.i.e.AbstractTransferListenerAdapter - Downloading https://repo.maven.apache.org/maven2/org/apache/maven/plugins/maven-compiler-plugin/3.8.0/maven-compiler-plugin-3.8.0.jar
2023-01-18 13:03:37,293 [Worker-24: Creating maven-archetype-quickstart] INFO  o.e.m.c.i.e.AbstractTransferListenerAdapter - Downloaded https://repo.maven.apache.org/maven2/org/apache/maven/plugins/maven-compiler-plugin/3.8.0/maven-compiler-plugin-3.8.0.jar
2023-01-18 13:03:37,402 [Worker-24: Creating maven-archetype-quickstart] INFO  o.e.m.c.i.e.AbstractTransferListenerAdapter - Downloading https://repo.maven.apache.org/maven2/org/apache/maven/plugins/maven-surefire-plugin/2.22.1/maven-surefire-plugin-2.22.1.jar
2023-01-18 13:03:37,670 [Worker-24: Creating maven-archetype-quickstart] INFO  o.e.m.c.i.e.AbstractTransferListenerAdapter - Downloaded https://repo.maven.apache.org/maven2/org/apache/maven/plugins/maven-surefire-plugin/2.22.1/maven-surefire-plugin-2.22.1.jar
2023-01-18 13:03:37,929 [Worker-24: Creating maven-archetype-quickstart] INFO  o.e.m.c.i.e.AbstractTransferListenerAdapter - Downloading https://repo.maven.apache.org/maven2/org/apache/maven/plugins/maven-jar-plugin/3.0.2/maven-jar-plugin-3.0.2.jar
2023-01-18 13:03:38,231 [Worker-24: Creating maven-archetype-quickstart] INFO  o.e.m.c.i.e.AbstractTransferListenerAdapter - Downloaded https://repo.maven.apache.org/maven2/org/apache/maven/plugins/maven-jar-plugin/3.0.2/maven-jar-plugin-3.0.2.jar
2023-01-18 13:03:38,508 [Worker-24: Creating maven-archetype-quickstart] INFO  o.e.m.c.i.e.AbstractTransferListenerAdapter - Downloading https://repo.maven.apache.org/maven2/org/apache/maven/plugins/maven-install-plugin/2.5.2/maven-install-plugin-2.5.2.jar
2023-01-18 13:03:38,840 [Worker-24: Creating maven-archetype-quickstart] INFO  o.e.m.c.i.e.AbstractTransferListenerAdapter - Downloaded https://repo.maven.apache.org/maven2/org/apache/maven/plugins/maven-install-plugin/2.5.2/maven-install-plugin-2.5.2.jar
2023-01-18 13:03:39,175 [Worker-24: Creating maven-archetype-quickstart] INFO  o.e.m.c.i.e.AbstractTransferListenerAdapter - Downloading https://repo.maven.apache.org/maven2/org/apache/maven/plugins/maven-deploy-plugin/2.8.2/maven-deploy-plugin-2.8.2.jar
2023-01-18 13:03:39,503 [Worker-24: Creating maven-archetype-quickstart] INFO  o.e.m.c.i.e.AbstractTransferListenerAdapter - Downloaded https://repo.maven.apache.org/maven2/org/apache/maven/plugins/maven-deploy-plugin/2.8.2/maven-deploy-plugin-2.8.2.jar
2023-01-18 13:03:39,823 [Worker-24: Creating maven-archetype-quickstart] INFO  o.e.m.c.i.e.AbstractTransferListenerAdapter - Downloading https://repo.maven.apache.org/maven2/org/apache/maven/plugins/maven-site-plugin/3.7.1/maven-site-plugin-3.7.1.jar
2023-01-18 13:03:40,035 [Worker-24: Creating maven-archetype-quickstart] INFO  o.e.m.c.i.e.AbstractTransferListenerAdapter - Downloaded https://repo.maven.apache.org/maven2/org/apache/maven/plugins/maven-site-plugin/3.7.1/maven-site-plugin-3.7.1.jar
2023-01-18 13:03:40,216 [Worker-24: Creating maven-archetype-quickstart] INFO  o.e.m.c.i.e.AbstractTransferListenerAdapter - Downloading https://repo.maven.apache.org/maven2/org/apache/maven/plugins/maven-compiler-plugin/3.8.0/maven-compiler-plugin-3.8.0.pom
2023-01-18 13:03:40,351 [Worker-24: Creating maven-archetype-quickstart] INFO  o.e.m.c.i.e.AbstractTransferListenerAdapter - Downloaded https://repo.maven.apache.org/maven2/org/apache/maven/plugins/maven-compiler-plugin/3.8.0/maven-compiler-plugin-3.8.0.pom
2023-01-18 13:03:40,450 [Worker-24: Creating maven-archetype-quickstart] INFO  o.e.m.c.i.e.AbstractTransferListenerAdapter - Downloading https://repo.maven.apache.org/maven2/org/apache/maven/plugins/maven-plugins/32/maven-plugins-32.pom
2023-01-18 13:03:40,572 [Worker-24: Creating maven-archetype-quickstart] INFO  o.e.m.c.i.e.AbstractTransferListenerAdapter - Downloaded https://repo.maven.apache.org/maven2/org/apache/maven/plugins/maven-plugins/32/maven-plugins-32.pom
2023-01-18 13:03:40,660 [Worker-24: Creating maven-archetype-quickstart] INFO  o.e.m.c.i.e.AbstractTransferListenerAdapter - Downloading https://repo.maven.apache.org/maven2/org/apache/maven/maven-parent/32/maven-parent-32.pom
2023-01-18 13:03:40,787 [Worker-24: Creating maven-archetype-quickstart] INFO  o.e.m.c.i.e.AbstractTransferListenerAdapter - Downloaded https://repo.maven.apache.org/maven2/org/apache/maven/maven-parent/32/maven-parent-32.pom
2023-01-18 13:03:40,887 [Worker-24: Creating maven-archetype-quickstart] INFO  o.e.m.c.i.e.AbstractTransferListenerAdapter - Downloading https://repo.maven.apache.org/maven2/org/apache/apache/20/apache-20.pom
2023-01-18 13:03:41,028 [Worker-24: Creating maven-archetype-quickstart] INFO  o.e.m.c.i.e.AbstractTransferListenerAdapter - Downloaded https://repo.maven.apache.org/maven2/org/apache/apache/20/apache-20.pom
2023-01-18 13:03:41,332 [Worker-24: Creating maven-archetype-quickstart] INFO  o.e.m.c.i.e.AbstractTransferListenerAdapter - Downloading https://repo.maven.apache.org/maven2/org/codehaus/plexus/plexus-component-annotations/1.7.1/plexus-component-annotations-1.7.1.pom
2023-01-18 13:03:41,452 [Worker-24: Creating maven-archetype-quickstart] INFO  o.e.m.c.i.e.AbstractTransferListenerAdapter - Downloaded https://repo.maven.apache.org/maven2/org/codehaus/plexus/plexus-component-annotations/1.7.1/plexus-component-annotations-1.7.1.pom
2023-01-18 13:03:41,538 [Worker-24: Creating maven-archetype-quickstart] INFO  o.e.m.c.i.e.AbstractTransferListenerAdapter - Downloading https://repo.maven.apache.org/maven2/org/codehaus/plexus/plexus-containers/1.7.1/plexus-containers-1.7.1.pom
2023-01-18 13:03:41,659 [Worker-24: Creating maven-archetype-quickstart] INFO  o.e.m.c.i.e.AbstractTransferListenerAdapter - Downloaded https://repo.maven.apache.org/maven2/org/codehaus/plexus/plexus-containers/1.7.1/plexus-containers-1.7.1.pom
2023-01-18 13:03:43,276 [Worker-24: Creating maven-archetype-quickstart] INFO  o.e.m.c.i.e.AbstractTransferListenerAdapter - Downloading https://repo.maven.apache.org/maven2/org/codehaus/plexus/plexus-java/0.9.10/plexus-java-0.9.10.pom
2023-01-18 13:03:43,402 [Worker-24: Creating maven-archetype-quickstart] INFO  o.e.m.c.i.e.AbstractTransferListenerAdapter - Downloaded https://repo.maven.apache.org/maven2/org/codehaus/plexus/plexus-java/0.9.10/plexus-java-0.9.10.pom
2023-01-18 13:03:43,496 [Worker-24: Creating maven-archetype-quickstart] INFO  o.e.m.c.i.e.AbstractTransferListenerAdapter - Downloading https://repo.maven.apache.org/maven2/org/codehaus/plexus/plexus-languages/0.9.10/plexus-languages-0.9.10.pom
2023-01-18 13:03:43,619 [Worker-24: Creating maven-archetype-quickstart] INFO  o.e.m.c.i.e.AbstractTransferListenerAdapter - Downloaded https://repo.maven.apache.org/maven2/org/codehaus/plexus/plexus-languages/0.9.10/plexus-languages-0.9.10.pom
2023-01-18 13:03:43,713 [Worker-24: Creating maven-archetype-quickstart] INFO  o.e.m.c.i.e.AbstractTransferListenerAdapter - Downloading https://repo.maven.apache.org/maven2/org/ow2/asm/asm/6.2/asm-6.2.pom
2023-01-18 13:03:43,835 [Worker-24: Creating maven-archetype-quickstart] INFO  o.e.m.c.i.e.AbstractTransferListenerAdapter - Downloaded https://repo.maven.apache.org/maven2/org/ow2/asm/asm/6.2/asm-6.2.pom
2023-01-18 13:03:43,929 [Worker-24: Creating maven-archetype-quickstart] INFO  o.e.m.c.i.e.AbstractTransferListenerAdapter - Downloading https://repo.maven.apache.org/maven2/org/ow2/ow2/1.5/ow2-1.5.pom
2023-01-18 13:03:44,062 [Worker-24: Creating maven-archetype-quickstart] INFO  o.e.m.c.i.e.AbstractTransferListenerAdapter - Downloaded https://repo.maven.apache.org/maven2/org/ow2/ow2/1.5/ow2-1.5.pom
2023-01-18 13:03:44,163 [Worker-24: Creating maven-archetype-quickstart] INFO  o.e.m.c.i.e.AbstractTransferListenerAdapter - Downloading https://repo.maven.apache.org/maven2/com/thoughtworks/qdox/qdox/2.0-M9/qdox-2.0-M9.pom
2023-01-18 13:03:44,285 [Worker-24: Creating maven-archetype-quickstart] INFO  o.e.m.c.i.e.AbstractTransferListenerAdapter - Downloaded https://repo.maven.apache.org/maven2/com/thoughtworks/qdox/qdox/2.0-M9/qdox-2.0-M9.pom
2023-01-18 13:03:44,373 [Worker-24: Creating maven-archetype-quickstart] INFO  o.e.m.c.i.e.AbstractTransferListenerAdapter - Downloading https://repo.maven.apache.org/maven2/org/sonatype/oss/oss-parent/9/oss-parent-9.pom
2023-01-18 13:03:44,490 [Worker-24: Creating maven-archetype-quickstart] INFO  o.e.m.c.i.e.AbstractTransferListenerAdapter - Downloaded https://repo.maven.apache.org/maven2/org/sonatype/oss/oss-parent/9/oss-parent-9.pom
2023-01-18 13:03:44,580 [Worker-24: Creating maven-archetype-quickstart] INFO  o.e.m.c.i.e.AbstractTransferListenerAdapter - Downloading https://repo.maven.apache.org/maven2/org/codehaus/plexus/plexus-compiler-api/2.8.4/plexus-compiler-api-2.8.4.pom
2023-01-18 13:03:44,698 [Worker-24: Creating maven-archetype-quickstart] INFO  o.e.m.c.i.e.AbstractTransferListenerAdapter - Downloaded https://repo.maven.apache.org/maven2/org/codehaus/plexus/plexus-compiler-api/2.8.4/plexus-compiler-api-2.8.4.pom
2023-01-18 13:03:44,797 [Worker-24: Creating maven-archetype-quickstart] INFO  o.e.m.c.i.e.AbstractTransferListenerAdapter - Downloading https://repo.maven.apache.org/maven2/org/codehaus/plexus/plexus-compiler/2.8.4/plexus-compiler-2.8.4.pom
2023-01-18 13:03:44,917 [Worker-24: Creating maven-archetype-quickstart] INFO  o.e.m.c.i.e.AbstractTransferListenerAdapter - Downloaded https://repo.maven.apache.org/maven2/org/codehaus/plexus/plexus-compiler/2.8.4/plexus-compiler-2.8.4.pom
2023-01-18 13:03:45,021 [Worker-24: Creating maven-archetype-quickstart] INFO  o.e.m.c.i.e.AbstractTransferListenerAdapter - Downloading https://repo.maven.apache.org/maven2/org/codehaus/plexus/plexus-utils/3.0.22/plexus-utils-3.0.22.pom
2023-01-18 13:03:45,155 [Worker-24: Creating maven-archetype-quickstart] INFO  o.e.m.c.i.e.AbstractTransferListenerAdapter - Downloaded https://repo.maven.apache.org/maven2/org/codehaus/plexus/plexus-utils/3.0.22/plexus-utils-3.0.22.pom
2023-01-18 13:03:45,314 [Worker-24: Creating maven-archetype-quickstart] INFO  o.e.m.c.i.e.AbstractTransferListenerAdapter - Downloading https://repo.maven.apache.org/maven2/org/codehaus/plexus/plexus-compiler-manager/2.8.4/plexus-compiler-manager-2.8.4.pom
2023-01-18 13:03:45,432 [Worker-24: Creating maven-archetype-quickstart] INFO  o.e.m.c.i.e.AbstractTransferListenerAdapter - Downloaded https://repo.maven.apache.org/maven2/org/codehaus/plexus/plexus-compiler-manager/2.8.4/plexus-compiler-manager-2.8.4.pom
2023-01-18 13:03:45,523 [Worker-24: Creating maven-archetype-quickstart] INFO  o.e.m.c.i.e.AbstractTransferListenerAdapter - Downloading https://repo.maven.apache.org/maven2/org/codehaus/plexus/plexus-compiler-javac/2.8.4/plexus-compiler-javac-2.8.4.pom
2023-01-18 13:03:45,642 [Worker-24: Creating maven-archetype-quickstart] INFO  o.e.m.c.i.e.AbstractTransferListenerAdapter - Downloaded https://repo.maven.apache.org/maven2/org/codehaus/plexus/plexus-compiler-javac/2.8.4/plexus-compiler-javac-2.8.4.pom
2023-01-18 13:03:45,748 [Worker-24: Creating maven-archetype-quickstart] INFO  o.e.m.c.i.e.AbstractTransferListenerAdapter - Downloading https://repo.maven.apache.org/maven2/org/codehaus/plexus/plexus-compilers/2.8.4/plexus-compilers-2.8.4.pom
2023-01-18 13:03:45,869 [Worker-24: Creating maven-archetype-quickstart] INFO  o.e.m.c.i.e.AbstractTransferListenerAdapter - Downloaded https://repo.maven.apache.org/maven2/org/codehaus/plexus/plexus-compilers/2.8.4/plexus-compilers-2.8.4.pom
2023-01-18 13:03:46,029 [AetherRepositoryConnector-repo.maven.apache.org-0-0] INFO  o.e.m.c.i.e.AbstractTransferListenerAdapter - Downloading https://repo.maven.apache.org/maven2/org/codehaus/plexus/plexus-utils/2.0.4/plexus-utils-2.0.4.jar
2023-01-18 13:03:46,105 [AetherRepositoryConnector-repo.maven.apache.org-0-1] INFO  o.e.m.c.i.e.AbstractTransferListenerAdapter - Downloading https://repo.maven.apache.org/maven2/org/codehaus/plexus/plexus-component-annotations/1.7.1/plexus-component-annotations-1.7.1.jar
2023-01-18 13:03:46,105 [AetherRepositoryConnector-repo.maven.apache.org-0-4] INFO  o.e.m.c.i.e.AbstractTransferListenerAdapter - Downloading https://repo.maven.apache.org/maven2/org/ow2/asm/asm/6.2/asm-6.2.jar
2023-01-18 13:03:46,105 [AetherRepositoryConnector-repo.maven.apache.org-0-3] INFO  o.e.m.c.i.e.AbstractTransferListenerAdapter - Downloading https://repo.maven.apache.org/maven2/org/codehaus/plexus/plexus-java/0.9.10/plexus-java-0.9.10.jar
2023-01-18 13:03:46,105 [AetherRepositoryConnector-repo.maven.apache.org-0-2] INFO  o.e.m.c.i.e.AbstractTransferListenerAdapter - Downloading https://repo.maven.apache.org/maven2/commons-io/commons-io/2.5/commons-io-2.5.jar
2023-01-18 13:03:46,262 [AetherRepositoryConnector-repo.maven.apache.org-0-0] INFO  o.e.m.c.i.e.AbstractTransferListenerAdapter - Downloaded https://repo.maven.apache.org/maven2/org/codehaus/plexus/plexus-utils/2.0.4/plexus-utils-2.0.4.jar
2023-01-18 13:03:46,327 [AetherRepositoryConnector-repo.maven.apache.org-0-1] INFO  o.e.m.c.i.e.AbstractTransferListenerAdapter - Downloaded https://repo.maven.apache.org/maven2/org/codehaus/plexus/plexus-component-annotations/1.7.1/plexus-component-annotations-1.7.1.jar
2023-01-18 13:03:46,328 [AetherRepositoryConnector-repo.maven.apache.org-0-4] INFO  o.e.m.c.i.e.AbstractTransferListenerAdapter - Downloaded https://repo.maven.apache.org/maven2/org/ow2/asm/asm/6.2/asm-6.2.jar
2023-01-18 13:03:46,395 [AetherRepositoryConnector-repo.maven.apache.org-0-0] INFO  o.e.m.c.i.e.AbstractTransferListenerAdapter - Downloading https://repo.maven.apache.org/maven2/com/thoughtworks/qdox/qdox/2.0-M9/qdox-2.0-M9.jar
2023-01-18 13:03:46,403 [AetherRepositoryConnector-repo.maven.apache.org-0-2] INFO  o.e.m.c.i.e.AbstractTransferListenerAdapter - Downloaded https://repo.maven.apache.org/maven2/commons-io/commons-io/2.5/commons-io-2.5.jar
2023-01-18 13:03:46,476 [AetherRepositoryConnector-repo.maven.apache.org-0-4] INFO  o.e.m.c.i.e.AbstractTransferListenerAdapter - Downloading https://repo.maven.apache.org/maven2/org/codehaus/plexus/plexus-compiler-manager/2.8.4/plexus-compiler-manager-2.8.4.jar
2023-01-18 13:03:46,482 [AetherRepositoryConnector-repo.maven.apache.org-0-1] INFO  o.e.m.c.i.e.AbstractTransferListenerAdapter - Downloading https://repo.maven.apache.org/maven2/org/codehaus/plexus/plexus-compiler-api/2.8.4/plexus-compiler-api-2.8.4.jar
2023-01-18 13:03:46,492 [AetherRepositoryConnector-repo.maven.apache.org-0-2] INFO  o.e.m.c.i.e.AbstractTransferListenerAdapter - Downloading https://repo.maven.apache.org/maven2/org/codehaus/plexus/plexus-compiler-javac/2.8.4/plexus-compiler-javac-2.8.4.jar
2023-01-18 13:03:46,626 [AetherRepositoryConnector-repo.maven.apache.org-0-0] INFO  o.e.m.c.i.e.AbstractTransferListenerAdapter - Downloaded https://repo.maven.apache.org/maven2/com/thoughtworks/qdox/qdox/2.0-M9/qdox-2.0-M9.jar
2023-01-18 13:03:46,696 [AetherRepositoryConnector-repo.maven.apache.org-0-3] INFO  o.e.m.c.i.e.AbstractTransferListenerAdapter - Downloaded https://repo.maven.apache.org/maven2/org/codehaus/plexus/plexus-java/0.9.10/plexus-java-0.9.10.jar
2023-01-18 13:03:46,782 [AetherRepositoryConnector-repo.maven.apache.org-0-4] INFO  o.e.m.c.i.e.AbstractTransferListenerAdapter - Downloaded https://repo.maven.apache.org/maven2/org/codehaus/plexus/plexus-compiler-manager/2.8.4/plexus-compiler-manager-2.8.4.jar
2023-01-18 13:03:46,854 [AetherRepositoryConnector-repo.maven.apache.org-0-2] INFO  o.e.m.c.i.e.AbstractTransferListenerAdapter - Downloaded https://repo.maven.apache.org/maven2/org/codehaus/plexus/plexus-compiler-javac/2.8.4/plexus-compiler-javac-2.8.4.jar
2023-01-18 13:03:46,925 [AetherRepositoryConnector-repo.maven.apache.org-0-1] INFO  o.e.m.c.i.e.AbstractTransferListenerAdapter - Downloaded https://repo.maven.apache.org/maven2/org/codehaus/plexus/plexus-compiler-api/2.8.4/plexus-compiler-api-2.8.4.jar
2023-01-18 13:03:48,587 [Worker-24: Creating maven-archetype-quickstart] INFO  o.e.m.c.i.l.LifecycleMappingFactory - Using org.eclipse.m2e.jdt.JarLifecycleMapping lifecycle mapping for MavenProject: com.abc:intro:0.0.1-SNAPSHOT @ C:\Users\Ferdi\eclipse-workspace\Maven\intro\pom.xml.
2023-01-18 13:03:48,920 [Worker-24: Creating maven-archetype-quickstart] INFO  o.e.m.c.i.e.AbstractTransferListenerAdapter - Downloading https://repo.maven.apache.org/maven2/junit/junit/4.11/junit-4.11.pom
2023-01-18 13:03:49,085 [Worker-24: Creating maven-archetype-quickstart] INFO  o.e.m.c.i.e.AbstractTransferListenerAdapter - Downloaded https://repo.maven.apache.org/maven2/junit/junit/4.11/junit-4.11.pom
2023-01-18 13:03:49,180 [Worker-24: Creating maven-archetype-quickstart] INFO  o.e.m.c.i.e.AbstractTransferListenerAdapter - Downloading https://repo.maven.apache.org/maven2/org/hamcrest/hamcrest-core/1.3/hamcrest-core-1.3.pom
2023-01-18 13:03:49,306 [Worker-24: Creating maven-archetype-quickstart] INFO  o.e.m.c.i.e.AbstractTransferListenerAdapter - Downloaded https://repo.maven.apache.org/maven2/org/hamcrest/hamcrest-core/1.3/hamcrest-core-1.3.pom
2023-01-18 13:03:49,395 [Worker-24: Creating maven-archetype-quickstart] INFO  o.e.m.c.i.e.AbstractTransferListenerAdapter - Downloading https://repo.maven.apache.org/maven2/org/hamcrest/hamcrest-parent/1.3/hamcrest-parent-1.3.pom
2023-01-18 13:03:49,519 [Worker-24: Creating maven-archetype-quickstart] INFO  o.e.m.c.i.e.AbstractTransferListenerAdapter - Downloaded https://repo.maven.apache.org/maven2/org/hamcrest/hamcrest-parent/1.3/hamcrest-parent-1.3.pom
2023-01-18 13:03:49,612 [AetherRepositoryConnector-repo.maven.apache.org-1-1] INFO  o.e.m.c.i.e.AbstractTransferListenerAdapter - Downloading https://repo.maven.apache.org/maven2/org/hamcrest/hamcrest-core/1.3/hamcrest-core-1.3.jar
2023-01-18 13:03:49,686 [AetherRepositoryConnector-repo.maven.apache.org-1-0] INFO  o.e.m.c.i.e.AbstractTransferListenerAdapter - Downloading https://repo.maven.apache.org/maven2/junit/junit/4.11/junit-4.11.jar
2023-01-18 13:03:49,992 [AetherRepositoryConnector-repo.maven.apache.org-1-0] INFO  o.e.m.c.i.e.AbstractTransferListenerAdapter - Downloaded https://repo.maven.apache.org/maven2/junit/junit/4.11/junit-4.11.jar
2023-01-18 13:03:50,322 [AetherRepositoryConnector-repo.maven.apache.org-1-1] INFO  o.e.m.c.i.e.AbstractTransferListenerAdapter - Downloaded https://repo.maven.apache.org/maven2/org/hamcrest/hamcrest-core/1.3/hamcrest-core-1.3.jar
2023-01-18 13:03:50,434 [Worker-24: Creating maven-archetype-quickstart] INFO  o.e.m.c.i.e.AbstractTransferListenerAdapter - Downloading https://repo.maven.apache.org/maven2/org/apache/maven/plugins/maven-resources-plugin/3.0.2/maven-resources-plugin-3.0.2.pom
2023-01-18 13:03:50,556 [Worker-24: Creating maven-archetype-quickstart] INFO  o.e.m.c.i.e.AbstractTransferListenerAdapter - Downloaded https://repo.maven.apache.org/maven2/org/apache/maven/plugins/maven-resources-plugin/3.0.2/maven-resources-plugin-3.0.2.pom
2023-01-18 13:03:50,661 [Worker-24: Creating maven-archetype-quickstart] INFO  o.e.m.c.i.e.AbstractTransferListenerAdapter - Downloading https://repo.maven.apache.org/maven2/org/apache/maven/plugins/maven-plugins/30/maven-plugins-30.pom
2023-01-18 13:03:50,788 [Worker-24: Creating maven-archetype-quickstart] INFO  o.e.m.c.i.e.AbstractTransferListenerAdapter - Downloaded https://repo.maven.apache.org/maven2/org/apache/maven/plugins/maven-plugins/30/maven-plugins-30.pom
2023-01-18 13:03:50,912 [Worker-24: Creating maven-archetype-quickstart] INFO  o.e.m.c.i.e.AbstractTransferListenerAdapter - Downloading https://repo.maven.apache.org/maven2/org/apache/maven/plugins/maven-surefire-plugin/2.22.1/maven-surefire-plugin-2.22.1.pom
2023-01-18 13:03:51,036 [Worker-24: Creating maven-archetype-quickstart] INFO  o.e.m.c.i.e.AbstractTransferListenerAdapter - Downloaded https://repo.maven.apache.org/maven2/org/apache/maven/plugins/maven-surefire-plugin/2.22.1/maven-surefire-plugin-2.22.1.pom
2023-01-18 13:03:51,123 [Worker-24: Creating maven-archetype-quickstart] INFO  o.e.m.c.i.e.AbstractTransferListenerAdapter - Downloading https://repo.maven.apache.org/maven2/org/apache/maven/surefire/surefire/2.22.1/surefire-2.22.1.pom
2023-01-18 13:03:51,244 [Worker-24: Creating maven-archetype-quickstart] INFO  o.e.m.c.i.e.AbstractTransferListenerAdapter - Downloaded https://repo.maven.apache.org/maven2/org/apache/maven/surefire/surefire/2.22.1/surefire-2.22.1.pom
2023-01-18 13:03:51,364 [Worker-24: Creating maven-archetype-quickstart] INFO  o.e.m.c.i.e.AbstractTransferListenerAdapter - Downloading https://repo.maven.apache.org/maven2/org/apache/maven/plugins/maven-jar-plugin/3.0.2/maven-jar-plugin-3.0.2.pom
2023-01-18 13:03:51,485 [Worker-24: Creating maven-archetype-quickstart] INFO  o.e.m.c.i.e.AbstractTransferListenerAdapter - Downloaded https://repo.maven.apache.org/maven2/org/apache/maven/plugins/maven-jar-plugin/3.0.2/maven-jar-plugin-3.0.2.pom
2023-01-18 13:03:51,613 [Worker-24: Creating maven-archetype-quickstart] INFO  o.e.m.c.i.e.AbstractTransferListenerAdapter - Downloading https://repo.maven.apache.org/maven2/org/codehaus/plexus/plexus-component-annotations/1.6/plexus-component-annotations-1.6.pom
2023-01-18 13:03:51,744 [Worker-24: Creating maven-archetype-quickstart] INFO  o.e.m.c.i.e.AbstractTransferListenerAdapter - Downloaded https://repo.maven.apache.org/maven2/org/codehaus/plexus/plexus-component-annotations/1.6/plexus-component-annotations-1.6.pom
2023-01-18 13:03:51,830 [Worker-24: Creating maven-archetype-quickstart] INFO  o.e.m.c.i.e.AbstractTransferListenerAdapter - Downloading https://repo.maven.apache.org/maven2/org/codehaus/plexus/plexus-containers/1.6/plexus-containers-1.6.pom
2023-01-18 13:03:51,952 [Worker-24: Creating maven-archetype-quickstart] INFO  o.e.m.c.i.e.AbstractTransferListenerAdapter - Downloaded https://repo.maven.apache.org/maven2/org/codehaus/plexus/plexus-containers/1.6/plexus-containers-1.6.pom
2023-01-18 13:03:52,050 [Worker-24: Creating maven-archetype-quickstart] INFO  o.e.m.c.i.e.AbstractTransferListenerAdapter - Downloading https://repo.maven.apache.org/maven2/org/codehaus/plexus/plexus/3.3.2/plexus-3.3.2.pom
2023-01-18 13:03:52,175 [Worker-24: Creating maven-archetype-quickstart] INFO  o.e.m.c.i.e.AbstractTransferListenerAdapter - Downloaded https://repo.maven.apache.org/maven2/org/codehaus/plexus/plexus/3.3.2/plexus-3.3.2.pom
2023-01-18 13:03:52,275 [Worker-24: Creating maven-archetype-quickstart] INFO  o.e.m.c.i.e.AbstractTransferListenerAdapter - Downloading https://repo.maven.apache.org/maven2/org/apache/maven/maven-archiver/3.1.1/maven-archiver-3.1.1.pom
2023-01-18 13:03:52,396 [Worker-24: Creating maven-archetype-quickstart] INFO  o.e.m.c.i.e.AbstractTransferListenerAdapter - Downloaded https://repo.maven.apache.org/maven2/org/apache/maven/maven-archiver/3.1.1/maven-archiver-3.1.1.pom
2023-01-18 13:03:52,489 [Worker-24: Creating maven-archetype-quickstart] INFO  o.e.m.c.i.e.AbstractTransferListenerAdapter - Downloading https://repo.maven.apache.org/maven2/org/apache/maven/shared/maven-shared-utils/3.0.1/maven-shared-utils-3.0.1.pom
2023-01-18 13:03:52,612 [Worker-24: Creating maven-archetype-quickstart] INFO  o.e.m.c.i.e.AbstractTransferListenerAdapter - Downloaded https://repo.maven.apache.org/maven2/org/apache/maven/shared/maven-shared-utils/3.0.1/maven-shared-utils-3.0.1.pom
2023-01-18 13:03:52,834 [Worker-24: Creating maven-archetype-quickstart] INFO  o.e.m.c.i.e.AbstractTransferListenerAdapter - Downloading https://repo.maven.apache.org/maven2/org/codehaus/plexus/plexus-archiver/3.3/plexus-archiver-3.3.pom
2023-01-18 13:03:52,967 [Worker-24: Creating maven-archetype-quickstart] INFO  o.e.m.c.i.e.AbstractTransferListenerAdapter - Downloaded https://repo.maven.apache.org/maven2/org/codehaus/plexus/plexus-archiver/3.3/plexus-archiver-3.3.pom
2023-01-18 13:03:53,138 [Worker-24: Creating maven-archetype-quickstart] INFO  o.e.m.c.i.e.AbstractTransferListenerAdapter - Downloading https://repo.maven.apache.org/maven2/org/codehaus/plexus/plexus-io/2.7.1/plexus-io-2.7.1.pom
2023-01-18 13:03:53,266 [Worker-24: Creating maven-archetype-quickstart] INFO  o.e.m.c.i.e.AbstractTransferListenerAdapter - Downloaded https://repo.maven.apache.org/maven2/org/codehaus/plexus/plexus-io/2.7.1/plexus-io-2.7.1.pom
2023-01-18 13:03:53,357 [Worker-24: Creating maven-archetype-quickstart] INFO  o.e.m.c.i.e.AbstractTransferListenerAdapter - Downloading https://repo.maven.apache.org/maven2/commons-io/commons-io/2.2/commons-io-2.2.pom
2023-01-18 13:03:53,475 [Worker-24: Creating maven-archetype-quickstart] INFO  o.e.m.c.i.e.AbstractTransferListenerAdapter - Downloaded https://repo.maven.apache.org/maven2/commons-io/commons-io/2.2/commons-io-2.2.pom
2023-01-18 13:03:53,559 [Worker-24: Creating maven-archetype-quickstart] INFO  o.e.m.c.i.e.AbstractTransferListenerAdapter - Downloading https://repo.maven.apache.org/maven2/org/apache/commons/commons-parent/24/commons-parent-24.pom
2023-01-18 13:03:53,700 [Worker-24: Creating maven-archetype-quickstart] INFO  o.e.m.c.i.e.AbstractTransferListenerAdapter - Downloaded https://repo.maven.apache.org/maven2/org/apache/commons/commons-parent/24/commons-parent-24.pom
2023-01-18 13:03:53,797 [Worker-24: Creating maven-archetype-quickstart] INFO  o.e.m.c.i.e.AbstractTransferListenerAdapter - Downloading https://repo.maven.apache.org/maven2/org/apache/commons/commons-compress/1.11/commons-compress-1.11.pom
2023-01-18 13:03:53,984 [Worker-24: Creating maven-archetype-quickstart] INFO  o.e.m.c.i.e.AbstractTransferListenerAdapter - Downloaded https://repo.maven.apache.org/maven2/org/apache/commons/commons-compress/1.11/commons-compress-1.11.pom
2023-01-18 13:03:54,095 [Worker-24: Creating maven-archetype-quickstart] INFO  o.e.m.c.i.e.AbstractTransferListenerAdapter - Downloading https://repo.maven.apache.org/maven2/org/tukaani/xz/1.5/xz-1.5.pom
2023-01-18 13:03:54,209 [Worker-24: Creating maven-archetype-quickstart] INFO  o.e.m.c.i.e.AbstractTransferListenerAdapter - Downloaded https://repo.maven.apache.org/maven2/org/tukaani/xz/1.5/xz-1.5.pom
2023-01-18 13:03:54,368 [Worker-24: Creating maven-archetype-quickstart] INFO  o.e.m.c.i.e.AbstractTransferListenerAdapter - Downloading https://repo.maven.apache.org/maven2/org/codehaus/plexus/plexus-archiver/3.4/plexus-archiver-3.4.pom
2023-01-18 13:03:54,485 [Worker-24: Creating maven-archetype-quickstart] INFO  o.e.m.c.i.e.AbstractTransferListenerAdapter - Downloaded https://repo.maven.apache.org/maven2/org/codehaus/plexus/plexus-archiver/3.4/plexus-archiver-3.4.pom
2023-01-18 13:03:54,603 [AetherRepositoryConnector-repo.maven.apache.org-2-0] INFO  o.e.m.c.i.e.AbstractTransferListenerAdapter - Downloading https://repo.maven.apache.org/maven2/org/codehaus/plexus/plexus-component-annotations/1.6/plexus-component-annotations-1.6.jar
2023-01-18 13:03:54,679 [AetherRepositoryConnector-repo.maven.apache.org-2-3] INFO  o.e.m.c.i.e.AbstractTransferListenerAdapter - Downloading https://repo.maven.apache.org/maven2/org/codehaus/plexus/plexus-archiver/3.4/plexus-archiver-3.4.jar
2023-01-18 13:03:54,679 [AetherRepositoryConnector-repo.maven.apache.org-2-1] INFO  o.e.m.c.i.e.AbstractTransferListenerAdapter - Downloading https://repo.maven.apache.org/maven2/org/apache/maven/maven-archiver/3.1.1/maven-archiver-3.1.1.jar
2023-01-18 13:03:54,679 [AetherRepositoryConnector-repo.maven.apache.org-2-4] INFO  o.e.m.c.i.e.AbstractTransferListenerAdapter - Downloading https://repo.maven.apache.org/maven2/org/codehaus/plexus/plexus-io/2.7.1/plexus-io-2.7.1.jar
2023-01-18 13:03:54,679 [AetherRepositoryConnector-repo.maven.apache.org-2-2] INFO  o.e.m.c.i.e.AbstractTransferListenerAdapter - Downloading https://repo.maven.apache.org/maven2/org/apache/maven/shared/maven-shared-utils/3.0.1/maven-shared-utils-3.0.1.jar
2023-01-18 13:03:54,791 [AetherRepositoryConnector-repo.maven.apache.org-2-0] INFO  o.e.m.c.i.e.AbstractTransferListenerAdapter - Downloaded https://repo.maven.apache.org/maven2/org/codehaus/plexus/plexus-component-annotations/1.6/plexus-component-annotations-1.6.jar
2023-01-18 13:03:54,865 [AetherRepositoryConnector-repo.maven.apache.org-2-4] INFO  o.e.m.c.i.e.AbstractTransferListenerAdapter - Downloaded https://repo.maven.apache.org/maven2/org/codehaus/plexus/plexus-io/2.7.1/plexus-io-2.7.1.jar
2023-01-18 13:03:54,912 [AetherRepositoryConnector-repo.maven.apache.org-2-0] INFO  o.e.m.c.i.e.AbstractTransferListenerAdapter - Downloading https://repo.maven.apache.org/maven2/org/apache/commons/commons-compress/1.11/commons-compress-1.11.jar
2023-01-18 13:03:54,940 [AetherRepositoryConnector-repo.maven.apache.org-2-2] INFO  o.e.m.c.i.e.AbstractTransferListenerAdapter - Downloaded https://repo.maven.apache.org/maven2/org/apache/maven/shared/maven-shared-utils/3.0.1/maven-shared-utils-3.0.1.jar
2023-01-18 13:03:54,940 [AetherRepositoryConnector-repo.maven.apache.org-2-3] INFO  o.e.m.c.i.e.AbstractTransferListenerAdapter - Downloaded https://repo.maven.apache.org/maven2/org/codehaus/plexus/plexus-archiver/3.4/plexus-archiver-3.4.jar
2023-01-18 13:03:54,999 [AetherRepositoryConnector-repo.maven.apache.org-2-4] INFO  o.e.m.c.i.e.AbstractTransferListenerAdapter - Downloading https://repo.maven.apache.org/maven2/org/tukaani/xz/1.5/xz-1.5.jar
2023-01-18 13:03:55,023 [AetherRepositoryConnector-repo.maven.apache.org-2-2] INFO  o.e.m.c.i.e.AbstractTransferListenerAdapter - Downloading https://repo.maven.apache.org/maven2/org/codehaus/plexus/plexus-utils/3.0.24/plexus-utils-3.0.24.jar
2023-01-18 13:03:55,031 [AetherRepositoryConnector-repo.maven.apache.org-2-1] INFO  o.e.m.c.i.e.AbstractTransferListenerAdapter - Downloaded https://repo.maven.apache.org/maven2/org/apache/maven/maven-archiver/3.1.1/maven-archiver-3.1.1.jar
2023-01-18 13:03:55,137 [AetherRepositoryConnector-repo.maven.apache.org-2-0] INFO  o.e.m.c.i.e.AbstractTransferListenerAdapter - Downloaded https://repo.maven.apache.org/maven2/org/apache/commons/commons-compress/1.11/commons-compress-1.11.jar
2023-01-18 13:03:55,149 [AetherRepositoryConnector-repo.maven.apache.org-2-4] INFO  o.e.m.c.i.e.AbstractTransferListenerAdapter - Downloaded https://repo.maven.apache.org/maven2/org/tukaani/xz/1.5/xz-1.5.jar
2023-01-18 13:03:55,210 [AetherRepositoryConnector-repo.maven.apache.org-2-2] INFO  o.e.m.c.i.e.AbstractTransferListenerAdapter - Downloaded https://repo.maven.apache.org/maven2/org/codehaus/plexus/plexus-utils/3.0.24/plexus-utils-3.0.24.jar
2023-01-18 13:03:56,502 [Worker-24: Creating maven-archetype-quickstart] INFO  o.e.m.c.i.e.AbstractTransferListenerAdapter - Downloading https://repo.maven.apache.org/maven2/org/codehaus/plexus/plexus-interpolation/1.24/plexus-interpolation-1.24.pom
2023-01-18 13:03:56,620 [Worker-24: Creating maven-archetype-quickstart] INFO  o.e.m.c.i.e.AbstractTransferListenerAdapter - Downloaded https://repo.maven.apache.org/maven2/org/codehaus/plexus/plexus-interpolation/1.24/plexus-interpolation-1.24.pom
2023-01-18 13:03:56,728 [AetherRepositoryConnector-repo.maven.apache.org-3-0] INFO  o.e.m.c.i.e.AbstractTransferListenerAdapter - Downloading https://repo.maven.apache.org/maven2/org/apache/maven/shared/maven-shared-utils/3.0.0/maven-shared-utils-3.0.0.jar
2023-01-18 13:03:56,800 [AetherRepositoryConnector-repo.maven.apache.org-3-1] INFO  o.e.m.c.i.e.AbstractTransferListenerAdapter - Downloading https://repo.maven.apache.org/maven2/org/codehaus/plexus/plexus-interpolation/1.24/plexus-interpolation-1.24.jar
2023-01-18 13:03:56,894 [AetherRepositoryConnector-repo.maven.apache.org-3-0] INFO  o.e.m.c.i.e.AbstractTransferListenerAdapter - Downloaded https://repo.maven.apache.org/maven2/org/apache/maven/shared/maven-shared-utils/3.0.0/maven-shared-utils-3.0.0.jar
2023-01-18 13:03:56,967 [AetherRepositoryConnector-repo.maven.apache.org-3-1] INFO  o.e.m.c.i.e.AbstractTransferListenerAdapter - Downloaded https://repo.maven.apache.org/maven2/org/codehaus/plexus/plexus-interpolation/1.24/plexus-interpolation-1.24.jar
2023-01-18 13:03:57,288 [Worker-28: Download sources and javadoc] INFO  o.e.m.c.i.e.AbstractTransferListenerAdapter - Downloading https://repo.maven.apache.org/maven2/junit/junit/4.11/junit-4.11-sources.jar
2023-01-18 13:03:57,567 [Worker-28: Download sources and javadoc] INFO  o.e.m.c.i.e.AbstractTransferListenerAdapter - Downloaded https://repo.maven.apache.org/maven2/junit/junit/4.11/junit-4.11-sources.jar
2023-01-18 13:03:57,576 [Worker-28: Download sources and javadoc] INFO  o.e.m.j.internal.DownloadSourcesJob - Downloaded sources for junit:junit:4.11
2023-01-18 13:03:57,793 [Worker-24: Creating maven-archetype-quickstart] INFO  o.e.m.j.i.AbstractJavaProjectConfigurator - Adding source folder /intro/src/main/java
2023-01-18 13:03:57,816 [Worker-24: Creating maven-archetype-quickstart] INFO  o.e.m.j.i.AbstractJavaProjectConfigurator - Adding source folder /intro/src/test/java
2023-01-18 13:03:57,895 [Worker-28: Download sources and javadoc] INFO  o.e.m.c.i.e.AbstractTransferListenerAdapter - Downloading https://repo.maven.apache.org/maven2/org/hamcrest/hamcrest-core/1.3/hamcrest-core-1.3-sources.jar
2023-01-18 13:03:58,693 [Worker-28: Download sources and javadoc] INFO  o.e.m.c.i.e.AbstractTransferListenerAdapter - Downloaded https://repo.maven.apache.org/maven2/org/hamcrest/hamcrest-core/1.3/hamcrest-core-1.3-sources.jar
2023-01-18 13:03:58,703 [Worker-28: Download sources and javadoc] INFO  o.e.m.j.internal.DownloadSourcesJob - Downloaded sources for org.hamcrest:hamcrest-core:1.3
2023-01-18 13:03:58,862 [Worker-24: Creating maven-archetype-quickstart] INFO  o.e.m.c.i.p.ProjectConfigurationManager - Imported and configured 1 project(s) in 24 sec
2023-01-18 13:04:00,876 [Worker-31: Building] INFO  o.e.m.c.i.embedder.EclipseLogger - Using 'UTF-8' encoding to copy filtered resources.
2023-01-18 13:04:00,878 [Worker-31: Building] INFO  o.e.m.c.i.embedder.EclipseLogger - skip non existing resourceDirectory C:\Users\Ferdi\eclipse-workspace\Maven\intro\src\main\resources
2023-01-18 13:04:00,886 [Worker-31: Building] INFO  o.e.m.c.i.embedder.EclipseLogger - Using 'UTF-8' encoding to copy filtered resources.
2023-01-18 13:04:00,886 [Worker-31: Building] INFO  o.e.m.c.i.embedder.EclipseLogger - skip non existing resourceDirectory C:\Users\Ferdi\eclipse-workspace\Maven\intro\src\test\resources
2023-01-18 13:20:03,227 [Worker-33: Building] INFO  o.e.m.c.i.l.LifecycleMappingFactory - Using org.eclipse.m2e.jdt.JarLifecycleMapping lifecycle mapping for MavenProject: com.abc:intro:0.0.1-SNAPSHOT @ C:\Users\Ferdi\eclipse-workspace\Maven\intro\pom.xml.
2023-01-18 13:20:03,659 [Worker-33: Building] INFO  o.e.m.c.i.embedder.EclipseLogger - Using 'UTF-8' encoding to copy filtered resources.
2023-01-18 13:20:03,660 [Worker-33: Building] INFO  o.e.m.c.i.embedder.EclipseLogger - skip non existing resourceDirectory C:\Users\Ferdi\eclipse-workspace\Maven\intro\src\main\resources
2023-01-18 13:20:03,669 [Worker-33: Building] INFO  o.e.m.c.i.embedder.EclipseLogger - Using 'UTF-8' encoding to copy filtered resources.
2023-01-18 13:20:03,670 [Worker-33: Building] INFO  o.e.m.c.i.embedder.EclipseLogger - skip non existing resourceDirectory C:\Users\Ferdi\eclipse-workspace\Maven\intro\src\test\resources
2023-01-18 13:20:17,473 [Worker-32: Updating Maven Project] INFO  o.e.m.c.i.p.ProjectConfigurationManager - Update started
2023-01-18 13:20:18,203 [Worker-32: Updating Maven Project] INFO  o.e.m.c.i.l.LifecycleMappingFactory - Using org.eclipse.m2e.jdt.JarLifecycleMapping lifecycle mapping for MavenProject: com.abc:intro:0.0.1-SNAPSHOT @ C:\Users\Ferdi\eclipse-workspace\Maven\intro\pom.xml.
2023-01-18 13:20:18,509 [Worker-32: Updating Maven Project] INFO  o.e.m.j.i.AbstractJavaProjectConfigurator - Adding source folder /intro/src/main/java
2023-01-18 13:20:18,511 [Worker-32: Updating Maven Project] INFO  o.e.m.j.i.AbstractJavaProjectConfigurator - Adding source folder /intro/src/test/java
2023-01-18 13:20:18,953 [Worker-32: Updating Maven Project] INFO  o.e.m.c.i.p.ProjectConfigurationManager - Update completed for 1 poms: local refresh takes 0,00 sec, refresh facades takes 0,00 sec, update config takes 0,00 sec 
2023-01-18 13:20:19,235 [Worker-29: Building] INFO  o.e.m.c.i.embedder.EclipseLogger - Using 'UTF-8' encoding to copy filtered resources.
2023-01-18 13:20:19,236 [Worker-29: Building] INFO  o.e.m.c.i.embedder.EclipseLogger - skip non existing resourceDirectory C:\Users\Ferdi\eclipse-workspace\Maven\intro\src\main\resources
2023-01-18 13:20:19,244 [Worker-29: Building] INFO  o.e.m.c.i.embedder.EclipseLogger - Using 'UTF-8' encoding to copy filtered resources.
2023-01-18 13:20:19,244 [Worker-29: Building] INFO  o.e.m.c.i.embedder.EclipseLogger - skip non existing resourceDirectory C:\Users\Ferdi\eclipse-workspace\Maven\intro\src\test\resources
2023-01-18 13:20:26,490 [Worker-34: Building] INFO  o.e.m.c.i.embedder.EclipseLogger - Using 'UTF-8' encoding to copy filtered resources.
2023-01-18 13:20:26,491 [Worker-34: Building] INFO  o.e.m.c.i.embedder.EclipseLogger - skip non existing resourceDirectory C:\Users\Ferdi\eclipse-workspace\Maven\intro\src\main\resources
2023-01-18 13:20:26,499 [Worker-34: Building] INFO  o.e.m.c.i.embedder.EclipseLogger - Using 'UTF-8' encoding to copy filtered resources.
2023-01-18 13:20:26,500 [Worker-34: Building] INFO  o.e.m.c.i.embedder.EclipseLogger - skip non existing resourceDirectory C:\Users\Ferdi\eclipse-workspace\Maven\intro\src\test\resources
